\BOOKMARK [1][-]{section.1}{\376\377\000I\000n\000t\000r\000o\000d\000u\000c\000t\000i\000o\000n}{}% 1
\BOOKMARK [2][-]{subsection.1.1}{\376\377\000M\000o\000t\000i\000v\000a\000t\000i\000o\000n}{section.1}% 2
\BOOKMARK [2][-]{subsection.1.2}{\376\377\000R\000e\000s\000e\000a\000r\000c\000h\000\040\000G\000a\000p}{section.1}% 3
\BOOKMARK [2][-]{subsection.1.3}{\376\377\000C\000o\000n\000t\000r\000i\000b\000u\000t\000i\000o\000n\000s}{section.1}% 4
\BOOKMARK [2][-]{subsection.1.4}{\376\377\000P\000a\000p\000e\000r\000\040\000O\000u\000t\000l\000i\000n\000e}{section.1}% 5
\BOOKMARK [1][-]{section.2}{\376\377\000L\000i\000t\000e\000r\000a\000t\000u\000r\000e\000\040\000R\000e\000v\000i\000e\000w}{}% 6
\BOOKMARK [2][-]{subsection.2.1}{\376\377\000S\000t\000r\000u\000c\000t\000u\000r\000a\000l\000\040\000C\000r\000e\000d\000i\000t\000\040\000M\000o\000d\000e\000l\000s}{section.2}% 7
\BOOKMARK [2][-]{subsection.2.2}{\376\377\000N\000A\000V\000\040\000P\000r\000e\000m\000i\000u\000m\000\040\000a\000n\000d\000\040\000D\000i\000s\000c\000o\000u\000n\000t\000\040\000D\000y\000n\000a\000m\000i\000c\000s}{section.2}% 8
\BOOKMARK [2][-]{subsection.2.3}{\376\377\000B\000i\000t\000c\000o\000i\000n\000\040\000a\000n\000d\000\040\000C\000r\000y\000p\000t\000o\000c\000u\000r\000r\000e\000n\000c\000y\000\040\000F\000i\000n\000a\000n\000c\000e}{section.2}% 9
\BOOKMARK [2][-]{subsection.2.4}{\376\377\000B\000i\000t\000c\000o\000i\000n\000\040\000a\000s\000\040\000a\000\040\000C\000o\000r\000p\000o\000r\000a\000t\000e\000\040\000T\000r\000e\000a\000s\000u\000r\000y\000\040\000A\000s\000s\000e\000t}{section.2}% 10
\BOOKMARK [2][-]{subsection.2.5}{\376\377\000C\000o\000n\000v\000e\000r\000t\000i\000b\000l\000e\000\040\000B\000o\000n\000d\000\040\000P\000r\000i\000c\000i\000n\000g\000\040\000a\000n\000d\000\040\000H\000y\000b\000r\000i\000d\000\040\000S\000e\000c\000u\000r\000i\000t\000i\000e\000s}{section.2}% 11
\BOOKMARK [2][-]{subsection.2.6}{\376\377\000C\000a\000p\000i\000t\000a\000l\000\040\000S\000t\000r\000u\000c\000t\000u\000r\000e\000\040\000a\000n\000d\000\040\000L\000e\000v\000e\000r\000a\000g\000e}{section.2}% 12
\BOOKMARK [2][-]{subsection.2.7}{\376\377\000S\000i\000m\000u\000l\000a\000t\000i\000o\000n\000\040\000M\000e\000t\000h\000o\000d\000s}{section.2}% 13
\BOOKMARK [1][-]{section.3}{\376\377\000M\000e\000t\000h\000o\000d\000o\000l\000o\000g\000y}{}% 14
\BOOKMARK [2][-]{subsection.3.1}{\376\377\000S\000e\000t\000u\000p\000:\000\040\000P\000r\000o\000b\000a\000b\000i\000l\000i\000t\000y\000\040\000S\000p\000a\000c\000e\000\040\000a\000n\000d\000\040\000S\000t\000a\000t\000e\000\040\000V\000a\000r\000i\000a\000b\000l\000e\000s}{section.3}% 15
\BOOKMARK [2][-]{subsection.3.2}{\376\377\000B\000T\000C\000\040\000P\000r\000i\000c\000e\000\040\000D\000y\000n\000a\000m\000i\000c\000s}{section.3}% 16
\BOOKMARK [2][-]{subsection.3.3}{\376\377\000P\000r\000e\000m\000i\000u\000m\000\040\000D\000y\000n\000a\000m\000i\000c\000s}{section.3}% 17
\BOOKMARK [2][-]{subsection.3.4}{\376\377\000B\000T\000C\000\040\000H\000o\000l\000d\000i\000n\000g\000\040\000D\000y\000n\000a\000m\000i\000c\000s\000:\000\040\000T\000h\000e\000\040\000L\000e\000v\000e\000r\000a\000g\000e\000\040\000F\000l\000y\000w\000h\000e\000e\000l}{section.3}% 18
\BOOKMARK [2][-]{subsection.3.5}{\376\377\000D\000e\000b\000t\000\040\000a\000n\000d\000\040\000S\000h\000a\000r\000e\000-\000C\000o\000u\000n\000t\000\040\000D\000y\000n\000a\000m\000i\000c\000s}{section.3}% 19
\BOOKMARK [2][-]{subsection.3.6}{\376\377\000E\000q\000u\000i\000t\000y\000\040\000V\000a\000l\000u\000a\000t\000i\000o\000n\000\040\000I\000d\000e\000n\000t\000i\000t\000y}{section.3}% 20
\BOOKMARK [2][-]{subsection.3.7}{\376\377\000D\000i\000a\000g\000n\000o\000s\000t\000i\000c\000\040\000I\000n\000d\000i\000c\000a\000t\000o\000r\000s}{section.3}% 21
\BOOKMARK [3][-]{subsubsection.3.7.1}{\376\377\000I\000m\000p\000l\000i\000e\000d\000\040\000B\000T\000C\000\040\000G\000r\000o\000w\000t\000h\000\040\000R\000a\000t\000e\000\040\000\050\000I\000B\000G\000R\000\051}{subsection.3.7}% 22
\BOOKMARK [3][-]{subsubsection.3.7.2}{\376\377\000I\000m\000p\000l\000i\000e\000d\000\040\000L\000e\000v\000e\000r\000a\000g\000e\000\040\000E\000l\000a\000s\000t\000i\000c\000i\000t\000y\000\040\000\050\000I\000L\000E\000\051}{subsection.3.7}% 23
\BOOKMARK [3][-]{subsubsection.3.7.3}{\376\377\000T\000o\000t\000a\000l\000\040\000E\000q\000u\000i\000t\000y\000\040\000E\000l\000a\000s\000t\000i\000c\000i\000t\000y\000\040\000\050\000T\000E\000E\000\051}{subsection.3.7}% 24
\BOOKMARK [3][-]{subsubsection.3.7.4}{\376\377\000P\000r\000e\000m\000i\000u\000m\000\040\000M\000e\000a\000n\000-\000R\000e\000v\000e\000r\000s\000i\000o\000n\000\040\000I\000n\000d\000e\000x\000\040\000\050\000P\000M\000R\000I\000\051}{subsection.3.7}% 25
\BOOKMARK [3][-]{subsubsection.3.7.5}{\376\377\000I\000m\000p\000l\000i\000e\000d\000\040\000F\000u\000n\000d\000i\000n\000g\000\040\000R\000e\000q\000u\000i\000r\000e\000m\000e\000n\000t\000\040\000D\000i\000s\000t\000r\000i\000b\000u\000t\000i\000o\000n\000\040\000\050\000I\000F\000R\000D\000\051}{subsection.3.7}% 26
\BOOKMARK [2][-]{subsection.3.8}{\376\377\000S\000u\000r\000v\000i\000v\000a\000l\000\040\000a\000n\000d\000\040\000D\000i\000s\000t\000r\000e\000s\000s\000\040\000A\000n\000a\000l\000y\000s\000i\000s}{section.3}% 27
\BOOKMARK [2][-]{subsection.3.9}{\376\377\000C\000a\000l\000i\000b\000r\000a\000t\000i\000o\000n\000\040\000S\000t\000r\000a\000t\000e\000g\000y}{section.3}% 28
\BOOKMARK [1][-]{section.4}{\376\377\000E\000x\000t\000e\000n\000d\000e\000d\000\040\000S\000t\000r\000u\000c\000t\000u\000r\000a\000l\000\040\000M\000o\000d\000e\000l\000:\000\040\000C\000a\000p\000i\000t\000a\000l\000\040\000S\000t\000a\000c\000k\000\040\000a\000n\000d\000\040\000P\000r\000e\000f\000e\000r\000r\000e\000d\000\040\000E\000q\000u\000i\000t\000y}{}% 29
\BOOKMARK [2][-]{subsection.4.1}{\376\377\000C\000a\000p\000i\000t\000a\000l\000\040\000S\000t\000a\000c\000k\000\040\000a\000n\000d\000\040\000P\000r\000i\000o\000r\000i\000t\000y\000\040\000W\000a\000t\000e\000r\000f\000a\000l\000l}{section.4}% 30
\BOOKMARK [2][-]{subsection.4.2}{\376\377\000P\000e\000r\000p\000e\000t\000u\000a\000l\000\040\000P\000r\000e\000f\000e\000r\000r\000e\000d\000\040\000S\000t\000o\000c\000k\000\040\000D\000y\000n\000a\000m\000i\000c\000s}{section.4}% 31
\BOOKMARK [2][-]{subsection.4.3}{\376\377\000C\000o\000n\000v\000e\000r\000s\000i\000o\000n\000\040\000O\000p\000t\000i\000o\000n\000a\000l\000i\000t\000y}{section.4}% 32
\BOOKMARK [2][-]{subsection.4.4}{\376\377\000M\000u\000l\000t\000i\000-\000C\000h\000a\000n\000n\000e\000l\000\040\000F\000i\000n\000a\000n\000c\000i\000n\000g\000\040\000F\000l\000y\000w\000h\000e\000e\000l}{section.4}% 33
\BOOKMARK [2][-]{subsection.4.5}{\376\377\000D\000i\000l\000u\000t\000i\000o\000n\000-\000A\000d\000j\000u\000s\000t\000e\000d\000\040\000D\000y\000n\000a\000m\000i\000c\000s}{section.4}% 34
\BOOKMARK [2][-]{subsection.4.6}{\376\377\000E\000x\000t\000e\000n\000d\000e\000d\000\040\000I\000n\000d\000i\000c\000a\000t\000o\000r\000s}{section.4}% 35
\BOOKMARK [3][-]{subsubsection.4.6.1}{\376\377\000C\000a\000p\000i\000t\000a\000l\000\040\000S\000t\000a\000c\000k\000\040\000L\000e\000v\000e\000r\000a\000g\000e\000\040\000R\000a\000t\000i\000o\000\040\000\050\000C\000S\000L\000R\000\051}{subsection.4.6}% 36
\BOOKMARK [3][-]{subsubsection.4.6.2}{\376\377\000P\000r\000e\000f\000e\000r\000r\000e\000d\000\040\000C\000o\000v\000e\000r\000a\000g\000e\000\040\000R\000a\000t\000i\000o\000\040\000\050\000P\000C\000R\000\051}{subsection.4.6}% 37
\BOOKMARK [3][-]{subsubsection.4.6.3}{\376\377\000D\000i\000l\000u\000t\000i\000o\000n\000-\000A\000d\000j\000u\000s\000t\000e\000d\000\040\000I\000B\000G\000R}{subsection.4.6}% 38
\BOOKMARK [3][-]{subsubsection.4.6.4}{\376\377\000E\000f\000f\000e\000c\000t\000i\000v\000e\000\040\000L\000e\000v\000e\000r\000a\000g\000e\000\040\000E\000l\000a\000s\000t\000i\000c\000i\000t\000y\000\040\000\050\000E\000L\000E\000\051}{subsection.4.6}% 39
\BOOKMARK [3][-]{subsubsection.4.6.5}{\376\377\000C\000a\000p\000i\000t\000a\000l\000\040\000E\000f\000f\000i\000c\000i\000e\000n\000c\000y\000\040\000R\000a\000t\000i\000o\000\040\000\050\000C\000E\000R\000\051}{subsection.4.6}% 40
\BOOKMARK [2][-]{subsection.4.7}{\376\377\000S\000t\000r\000u\000c\000t\000u\000r\000a\000l\000\040\000R\000e\000l\000a\000t\000i\000o\000n\000s\000h\000i\000p\000s\000\040\000a\000n\000d\000\040\000S\000u\000m\000m\000a\000r\000y}{section.4}% 41
\BOOKMARK [1][-]{section.5}{\376\377\000R\000e\000s\000u\000l\000t\000s}{}% 42
\BOOKMARK [2][-]{subsection.5.1}{\376\377\000C\000a\000l\000i\000b\000r\000a\000t\000e\000d\000\040\000P\000a\000r\000a\000m\000e\000t\000e\000r\000s}{section.5}% 43
\BOOKMARK [2][-]{subsection.5.2}{\376\377\000C\000o\000m\000p\000u\000t\000e\000d\000\040\000I\000n\000d\000i\000c\000a\000t\000o\000r\000s}{section.5}% 44
\BOOKMARK [3][-]{subsubsection.5.2.1}{\376\377\000I\000B\000G\000R\000:\000\040\000I\000m\000p\000l\000i\000e\000d\000\040\000B\000T\000C\000\040\000G\000r\000o\000w\000t\000h\000\040\000R\000a\000t\000e}{subsection.5.2}% 45
\BOOKMARK [3][-]{subsubsection.5.2.2}{\376\377\000I\000L\000E\000:\000\040\000I\000m\000p\000l\000i\000e\000d\000\040\000L\000e\000v\000e\000r\000a\000g\000e\000\040\000E\000l\000a\000s\000t\000i\000c\000i\000t\000y}{subsection.5.2}% 46
\BOOKMARK [3][-]{subsubsection.5.2.3}{\376\377\000T\000E\000E\000:\000\040\000T\000o\000t\000a\000l\000\040\000E\000q\000u\000i\000t\000y\000\040\000E\000l\000a\000s\000t\000i\000c\000i\000t\000y}{subsection.5.2}% 47
\BOOKMARK [3][-]{subsubsection.5.2.4}{\376\377\000P\000M\000R\000I\000:\000\040\000P\000r\000e\000m\000i\000u\000m\000\040\000M\000e\000a\000n\000-\000R\000e\000v\000e\000r\000s\000i\000o\000n\000\040\000I\000n\000d\000e\000x}{subsection.5.2}% 48
\BOOKMARK [3][-]{subsubsection.5.2.5}{\376\377\000I\000F\000R\000D\000:\000\040\000I\000m\000p\000l\000i\000e\000d\000\040\000F\000u\000n\000d\000i\000n\000g\000\040\000R\000e\000q\000u\000i\000r\000e\000m\000e\000n\000t}{subsection.5.2}% 49
\BOOKMARK [3][-]{subsubsection.5.2.6}{\376\377\000S\000u\000r\000v\000i\000v\000a\000l\000\040\000P\000r\000o\000b\000a\000b\000i\000l\000i\000t\000y}{subsection.5.2}% 50
\BOOKMARK [1][-]{section.6}{\376\377\000D\000i\000s\000c\000u\000s\000s\000i\000o\000n}{}% 51
\BOOKMARK [2][-]{subsection.6.1}{\376\377\000W\000h\000a\000t\000\040\000t\000h\000e\000\040\000M\000o\000d\000e\000l\000\040\000T\000e\000l\000l\000s\000\040\000U\000s\000\040\000A\000b\000o\000u\000t\000\040\000S\000t\000r\000a\000t\000e\000g\000y\000'\000s\000\040\000V\000i\000a\000b\000i\000l\000i\000t\000y}{section.6}% 52
\BOOKMARK [2][-]{subsection.6.2}{\376\377\000I\000m\000p\000l\000i\000c\000a\000t\000i\000o\000n\000s\000\040\000f\000o\000r\000\040\000O\000t\000h\000e\000r\000\040\000B\000T\000C\000\040\000T\000r\000e\000a\000s\000u\000r\000y\000\040\000C\000o\000m\000p\000a\000n\000i\000e\000s}{section.6}% 53
\BOOKMARK [2][-]{subsection.6.3}{\376\377\000M\000o\000d\000e\000l\000\040\000L\000i\000m\000i\000t\000a\000t\000i\000o\000n\000s}{section.6}% 54
\BOOKMARK [2][-]{subsection.6.4}{\376\377\000P\000r\000e\000f\000e\000r\000r\000e\000d\000\040\000S\000t\000o\000c\000k\000\040\000E\000x\000t\000e\000n\000s\000i\000o\000n\000s}{section.6}% 55
\BOOKMARK [2][-]{subsection.6.5}{\376\377\000B\000r\000o\000a\000d\000e\000r\000\040\000I\000m\000p\000l\000i\000c\000a\000t\000i\000o\000n\000s\000\040\000f\000o\000r\000\040\000C\000o\000r\000p\000o\000r\000a\000t\000e\000\040\000F\000i\000n\000a\000n\000c\000e}{section.6}% 56
\BOOKMARK [1][-]{section.7}{\376\377\000C\000o\000n\000c\000l\000u\000s\000i\000o\000n}{}% 57
